C51 COMPILER V9.54   WDG                                                                   09/14/2019 21:36:31 PAGE 1   


C51 COMPILER V9.54, COMPILATION OF MODULE WDG
OBJECT MODULE PLACED IN .\Objects\wdg.obj
COMPILER INVOKED BY: D:\keil5 mdk\C51\BIN\C51.EXE user\src\wdg.c OPTIMIZE(8,SPEED) BROWSE INCDIR(.\lib;.\user\inc) DEBUG
                    - OBJECTEXTEND PRINT(.\Listings\wdg.lst) TABS(2) OBJECT(.\Objects\wdg.obj)

line level    source

   1          /**
   2            *************************************************************************
   3            * @file    wdg.c
   4            * @author  monkey.Huaqian
   5            * @version V1.0.0
   6            * @date    2019/04/14 2:17:54
   7            * @brief
   8            *************************************************************************
   9            * @attention
  10            *
  11            * <h2><center>&Copyright(c) 2014-2020 Xiamen HuaQian Studio</center></h2>
  12            *
  13            *************************************************************************
  14            */
  15          
  16            /*************************     系统头文件包含     *************************/
  17          #include "stc8.h"
  18          
  19          /*************************     私有头文件包含     *************************/
  20          #include "wdg.h"
  21          
  22          /*************************      导入命名空间      *************************/
  23          
  24          
  25          /*************************      C++ 兼容定义      *************************/
  26          #ifdef __cplusplus 
              #if __cplusplus 
              extern "C" {
              #endif 
              #endif
  31          
  32            /*************************        全局枚举        *************************/
  33          
  34            /*************************       全局宏定义       *************************/
  35          
  36            /*************************     全局结构体定义     *************************/
  37          
  38            /*************************      全局变量定义      *************************/
  39          
  40            /*************************        函数声明        *************************/
  41          
  42            /*************************        函数实现        *************************/
  43          
  44          
  45            void p_watchdog_init(void)
  46            {
  47   1          // WDT_CONTR = 0x23;                        // 使能看门狗,溢出时间约为0.5s
  48   1          // WDT_CONTR = 0x24;            // 使能看门狗,溢出时间约为1s
  49   1          WDT_CONTR = 0x26;             // 使能看门狗,溢出时间约为4s
  50   1        }
  51          
  52          
  53            /*************************      C++ 兼容定义      *************************/
  54          #ifdef __cplusplus 
C51 COMPILER V9.54   WDG                                                                   09/14/2019 21:36:31 PAGE 2   

              #if __cplusplus 
              }
              #endif 
              #endif
  59          
  60          


MODULE INFORMATION:   STATIC OVERLAYABLE
   CODE SIZE        =      4    ----
   CONSTANT SIZE    =   ----    ----
   XDATA SIZE       =   ----    ----
   PDATA SIZE       =   ----    ----
   DATA SIZE        =   ----    ----
   IDATA SIZE       =   ----    ----
   BIT SIZE         =   ----    ----
END OF MODULE INFORMATION.


C51 COMPILATION COMPLETE.  0 WARNING(S),  0 ERROR(S)
